  Reading Qt configuration (D:/QT/6.2.4/msvc2019_64/bin/qmake)
  Generate moc_predefs.h
  lrelease
  Updating 'debug\SomaMap_zh_CN.qm'...
      Generated 0 translation(s) (0 finished and 0 unfinished)
  Uic'ing gamescene.ui...
  Uic'ing mainwindow.ui...
  Uic'ing menuscene.ui...
  Uic'ing viewscene.ui...
  Rcc'ing GLShaders.qrc...
  Rcc'ing debug\qmake_qmake_qm_files.qrc...
  Rcc'ing release\qmake_qmake_qm_files.qrc...
  Moc'ing figuremate.h...
  Moc'ing gamescene.h...
   RCC: Error in 'D:\IDErepo\QT_Project\SomaMap\release\qmake_qmake_qm_files.qrc': Cannot find file 'D:/IDErepo/QT_Project/SomaMap/release/SomaMap_zh_CN.qm'
  Moc'ing grandsquare.h...
  Moc'ing keepratiowidget.h...
  Moc'ing mainwindow.h...
  Moc'ing menuscene.h...
C:\Users\Chi\AppData\Local\QtMsBuild\qt_globals.targets(269,5): error MSB4181: “QtRunWork”任务返回了 false，但未记录错误。
